2020-10-08T14:31:47-0400 [INFO    ] dandi Traversing remote dandisets (000015) recursively
2020-10-08T14:31:47-0400 [INFO    ] backups2datalad.py Updating metadata file
2020-10-08T14:31:57-0400 [INFO    ] backups2datalad.py Syncing asset /sub-an041/sub-an041_ses-20140821_obj-17pzgym.nwb
2020-10-08T14:31:57-0400 [WARNING ] backups2datalad.py Asset metadata does not include sha256 hash
2020-10-08T14:31:57-0400 [INFO    ] backups2datalad.py Asset in dataset, hash not available, and size is unchanged; will not update
2020-10-08T14:31:57-0400 [INFO    ] backups2datalad.py Syncing asset /sub-an041/sub-an041_ses-20140821_obj-jpt9d0.nwb
2020-10-08T14:31:57-0400 [WARNING ] backups2datalad.py Asset metadata does not include sha256 hash
2020-10-08T14:31:58-0400 [INFO    ] backups2datalad.py Asset in dataset, hash not available, and size is unchanged; will not update
2020-10-08T14:31:58-0400 [INFO    ] backups2datalad.py Syncing asset /sub-an041/sub-an041_ses-20140823_obj-14abxhj.nwb
2020-10-08T14:31:58-0400 [WARNING ] backups2datalad.py Asset metadata does not include sha256 hash
2020-10-08T14:31:58-0400 [INFO    ] backups2datalad.py Asset in dataset, hash not available, and size is unchanged; will not update
2020-10-08T14:31:58-0400 [INFO    ] backups2datalad.py Syncing asset /sub-an041/sub-an041_ses-20140823_obj-5qbi06.nwb
2020-10-08T14:31:58-0400 [WARNING ] backups2datalad.py Asset metadata does not include sha256 hash
2020-10-08T14:31:58-0400 [INFO    ] backups2datalad.py Asset in dataset, hash not available, and size is unchanged; will not update
2020-10-08T14:31:58-0400 [INFO    ] backups2datalad.py Syncing asset /sub-an041/sub-an041_ses-20140823_obj-6xh5s8.nwb
2020-10-08T14:31:58-0400 [WARNING ] backups2datalad.py Asset metadata does not include sha256 hash
2020-10-08T14:31:58-0400 [INFO    ] backups2datalad.py Asset in dataset, hash not available, and size is unchanged; will not update
2020-10-08T14:31:58-0400 [INFO    ] backups2datalad.py Syncing asset /sub-an041/sub-an041_ses-20140823_obj-9l0ag0.nwb
2020-10-08T14:31:58-0400 [WARNING ] backups2datalad.py Asset metadata does not include sha256 hash
2020-10-08T14:31:59-0400 [INFO    ] backups2datalad.py Asset in dataset, hash not available, and size is unchanged; will not update
2020-10-08T14:31:59-0400 [INFO    ] backups2datalad.py Syncing asset /sub-an041/sub-an041_ses-20140823_obj-c486zn.nwb
2020-10-08T14:31:59-0400 [WARNING ] backups2datalad.py Asset metadata does not include sha256 hash
2020-10-08T14:31:59-0400 [INFO    ] backups2datalad.py Asset in dataset, hash not available, and size is unchanged; will not update
2020-10-08T14:31:59-0400 [INFO    ] backups2datalad.py Syncing asset /sub-an041/sub-an041_ses-20140823_obj-m2u696.nwb
2020-10-08T14:31:59-0400 [WARNING ] backups2datalad.py Asset metadata does not include sha256 hash
2020-10-08T14:31:59-0400 [INFO    ] backups2datalad.py Asset in dataset, hash not available, and size is unchanged; will not update
2020-10-08T14:31:59-0400 [INFO    ] backups2datalad.py Syncing asset /sub-an041/sub-an041_ses-20140825_obj-1k6balg.nwb
2020-10-08T14:31:59-0400 [WARNING ] backups2datalad.py Asset metadata does not include sha256 hash
2020-10-08T14:32:00-0400 [INFO    ] backups2datalad.py Asset in dataset, hash not available, and size is unchanged; will not update
2020-10-08T14:32:00-0400 [INFO    ] backups2datalad.py Syncing asset /sub-an041/sub-an041_ses-20140825_obj-a0owv2.nwb
2020-10-08T14:32:00-0400 [WARNING ] backups2datalad.py Asset metadata does not include sha256 hash
2020-10-08T14:32:00-0400 [INFO    ] backups2datalad.py Asset in dataset, hash not available, and size is unchanged; will not update
2020-10-08T14:32:00-0400 [INFO    ] backups2datalad.py Syncing asset /sub-an041/sub-an041_ses-20140825_obj-kghsci.nwb
2020-10-08T14:32:00-0400 [WARNING ] backups2datalad.py Asset metadata does not include sha256 hash
2020-10-08T14:32:00-0400 [INFO    ] backups2datalad.py Asset in dataset, hash not available, and size is unchanged; will not update
2020-10-08T14:32:00-0400 [INFO    ] backups2datalad.py Syncing asset /sub-an041/sub-an041_ses-20140825_obj-mqj7rw.nwb
2020-10-08T14:32:00-0400 [WARNING ] backups2datalad.py Asset metadata does not include sha256 hash
2020-10-08T14:32:01-0400 [INFO    ] backups2datalad.py Asset in dataset, hash not available, and size is unchanged; will not update
2020-10-08T14:32:01-0400 [INFO    ] backups2datalad.py Syncing asset /sub-an041/sub-an041_ses-20140825_obj-tu036r.nwb
2020-10-08T14:32:01-0400 [WARNING ] backups2datalad.py Asset metadata does not include sha256 hash
2020-10-08T14:32:01-0400 [INFO    ] backups2datalad.py Asset in dataset, hash not available, and size is unchanged; will not update
2020-10-08T14:32:01-0400 [INFO    ] backups2datalad.py Syncing asset /sub-an041/sub-an041_ses-20140825_obj-w5c8hn.nwb
2020-10-08T14:32:01-0400 [WARNING ] backups2datalad.py Asset metadata does not include sha256 hash
2020-10-08T14:32:01-0400 [INFO    ] backups2datalad.py Asset in dataset, hash not available, and size is unchanged; will not update
2020-10-08T14:32:01-0400 [INFO    ] backups2datalad.py Syncing asset /sub-an041/sub-an041_ses-20140826_obj-16dkvj5.nwb
2020-10-08T14:32:01-0400 [WARNING ] backups2datalad.py Asset metadata does not include sha256 hash
2020-10-08T14:32:01-0400 [INFO    ] backups2datalad.py Asset in dataset, hash not available, and size is unchanged; will not update
2020-10-08T14:32:01-0400 [INFO    ] backups2datalad.py Syncing asset /sub-an041/sub-an041_ses-20140826_obj-1bb5khy.nwb
2020-10-08T14:32:01-0400 [WARNING ] backups2datalad.py Asset metadata does not include sha256 hash
2020-10-08T14:32:02-0400 [INFO    ] backups2datalad.py Asset in dataset, hash not available, and size is unchanged; will not update
2020-10-08T14:32:02-0400 [INFO    ] backups2datalad.py Syncing asset /sub-an041/sub-an041_ses-20140826_obj-1hrk62p.nwb
2020-10-08T14:32:02-0400 [WARNING ] backups2datalad.py Asset metadata does not include sha256 hash
2020-10-08T14:32:02-0400 [INFO    ] backups2datalad.py Asset in dataset, hash not available, and size is unchanged; will not update
2020-10-08T14:32:02-0400 [INFO    ] backups2datalad.py Syncing asset /sub-an041/sub-an041_ses-20140826_obj-1i6sh43.nwb
2020-10-08T14:32:02-0400 [WARNING ] backups2datalad.py Asset metadata does not include sha256 hash
2020-10-08T14:32:02-0400 [INFO    ] backups2datalad.py Asset in dataset, hash not available, and size is unchanged; will not update
2020-10-08T14:32:02-0400 [INFO    ] backups2datalad.py Syncing asset /sub-an041/sub-an041_ses-20140826_obj-1jgvhk8.nwb
2020-10-08T14:32:02-0400 [WARNING ] backups2datalad.py Asset metadata does not include sha256 hash
2020-10-08T14:32:03-0400 [INFO    ] backups2datalad.py Asset in dataset, hash not available, and size is unchanged; will not update
2020-10-08T14:32:03-0400 [INFO    ] backups2datalad.py Syncing asset /sub-an041/sub-an041_ses-20140826_obj-1k8h9e8.nwb
2020-10-08T14:32:03-0400 [WARNING ] backups2datalad.py Asset metadata does not include sha256 hash
2020-10-08T14:32:03-0400 [INFO    ] backups2datalad.py Asset in dataset, hash not available, and size is unchanged; will not update
2020-10-08T14:32:03-0400 [INFO    ] backups2datalad.py Syncing asset /sub-an041/sub-an041_ses-20140826_obj-1mwtqg6.nwb
2020-10-08T14:32:03-0400 [WARNING ] backups2datalad.py Asset metadata does not include sha256 hash
2020-10-08T14:32:03-0400 [INFO    ] backups2datalad.py Asset in dataset, hash not available, and size is unchanged; will not update
2020-10-08T14:32:03-0400 [INFO    ] backups2datalad.py Syncing asset /sub-an041/sub-an041_ses-20140826_obj-1q44jv8.nwb
2020-10-08T14:32:03-0400 [WARNING ] backups2datalad.py Asset metadata does not include sha256 hash
2020-10-08T14:32:03-0400 [INFO    ] backups2datalad.py Asset in dataset, hash not available, and size is unchanged; will not update
2020-10-08T14:32:03-0400 [INFO    ] backups2datalad.py Syncing asset /sub-an041/sub-an041_ses-20140826_obj-4sg0j7.nwb
2020-10-08T14:32:03-0400 [WARNING ] backups2datalad.py Asset metadata does not include sha256 hash
2020-10-08T14:32:04-0400 [INFO    ] backups2datalad.py Asset in dataset, hash not available, and size is unchanged; will not update
2020-10-08T14:32:04-0400 [INFO    ] backups2datalad.py Syncing asset /sub-an041/sub-an041_ses-20140826_obj-9afqt.nwb
2020-10-08T14:32:04-0400 [WARNING ] backups2datalad.py Asset metadata does not include sha256 hash
2020-10-08T14:32:04-0400 [INFO    ] backups2datalad.py Asset in dataset, hash not available, and size is unchanged; will not update
2020-10-08T14:32:04-0400 [INFO    ] backups2datalad.py Syncing asset /sub-an041/sub-an041_ses-20140827_obj-134wql9.nwb
2020-10-08T14:32:04-0400 [WARNING ] backups2datalad.py Asset metadata does not include sha256 hash
2020-10-08T14:32:04-0400 [INFO    ] backups2datalad.py Asset in dataset, hash not available, and size is unchanged; will not update
2020-10-08T14:32:04-0400 [INFO    ] backups2datalad.py Syncing asset /sub-an041/sub-an041_ses-20140827_obj-1gtn1pi.nwb
2020-10-08T14:32:04-0400 [WARNING ] backups2datalad.py Asset metadata does not include sha256 hash
2020-10-08T14:32:05-0400 [INFO    ] backups2datalad.py Asset in dataset, hash not available, and size is unchanged; will not update
2020-10-08T14:32:05-0400 [INFO    ] backups2datalad.py Syncing asset /sub-an041/sub-an041_ses-20140827_obj-1jai2xh.nwb
2020-10-08T14:32:05-0400 [WARNING ] backups2datalad.py Asset metadata does not include sha256 hash
2020-10-08T14:32:05-0400 [INFO    ] backups2datalad.py Asset in dataset, hash not available, and size is unchanged; will not update
2020-10-08T14:32:05-0400 [INFO    ] backups2datalad.py Syncing asset /sub-an041/sub-an041_ses-20140827_obj-1p56f6o.nwb
2020-10-08T14:32:05-0400 [WARNING ] backups2datalad.py Asset metadata does not include sha256 hash
2020-10-08T14:32:05-0400 [INFO    ] backups2datalad.py Asset in dataset, hash not available, and size is unchanged; will not update
2020-10-08T14:32:05-0400 [INFO    ] backups2datalad.py Syncing asset /sub-an041/sub-an041_ses-20140827_obj-5qz3iv.nwb
2020-10-08T14:32:05-0400 [WARNING ] backups2datalad.py Asset metadata does not include sha256 hash
2020-10-08T14:32:06-0400 [INFO    ] backups2datalad.py Asset in dataset, hash not available, and size is unchanged; will not update
2020-10-08T14:32:06-0400 [INFO    ] backups2datalad.py Syncing asset /sub-an041/sub-an041_ses-20140827_obj-dfhd5h.nwb
2020-10-08T14:32:06-0400 [WARNING ] backups2datalad.py Asset metadata does not include sha256 hash
2020-10-08T14:32:06-0400 [INFO    ] backups2datalad.py Asset in dataset, hash not available, and size is unchanged; will not update
2020-10-08T14:32:06-0400 [INFO    ] backups2datalad.py Syncing asset /sub-an041/sub-an041_ses-20140827_obj-fcd5is.nwb
2020-10-08T14:32:06-0400 [WARNING ] backups2datalad.py Asset metadata does not include sha256 hash
2020-10-08T14:32:06-0400 [INFO    ] backups2datalad.py Asset in dataset, hash not available, and size is unchanged; will not update
2020-10-08T14:32:06-0400 [INFO    ] backups2datalad.py Syncing asset /sub-an041/sub-an041_ses-20140827_obj-vooo3f.nwb
2020-10-08T14:32:06-0400 [WARNING ] backups2datalad.py Asset metadata does not include sha256 hash
2020-10-08T14:32:07-0400 [INFO    ] backups2datalad.py Asset in dataset, hash not available, and size is unchanged; will not update
2020-10-08T14:32:07-0400 [INFO    ] backups2datalad.py Syncing asset /sub-an041/sub-an041_ses-20140903_obj-11gzsau.nwb
2020-10-08T14:32:07-0400 [WARNING ] backups2datalad.py Asset metadata does not include sha256 hash
2020-10-08T14:32:07-0400 [INFO    ] backups2datalad.py Asset in dataset, hash not available, and size is unchanged; will not update
2020-10-08T14:32:07-0400 [INFO    ] backups2datalad.py Syncing asset /sub-an041/sub-an041_ses-20140903_obj-159kgs2.nwb
2020-10-08T14:32:07-0400 [WARNING ] backups2datalad.py Asset metadata does not include sha256 hash
2020-10-08T14:32:07-0400 [INFO    ] backups2datalad.py Asset in dataset, hash not available, and size is unchanged; will not update
2020-10-08T14:32:07-0400 [INFO    ] backups2datalad.py Syncing asset /sub-an041/sub-an041_ses-20140903_obj-1lyfq5m.nwb
2020-10-08T14:32:07-0400 [WARNING ] backups2datalad.py Asset metadata does not include sha256 hash
2020-10-08T14:32:07-0400 [INFO    ] backups2datalad.py Asset in dataset, hash not available, and size is unchanged; will not update
2020-10-08T14:32:07-0400 [INFO    ] backups2datalad.py Syncing asset /sub-an041/sub-an041_ses-20140903_obj-1ovbun9.nwb
2020-10-08T14:32:07-0400 [WARNING ] backups2datalad.py Asset metadata does not include sha256 hash
2020-10-08T14:32:08-0400 [INFO    ] backups2datalad.py Asset in dataset, hash not available, and size is unchanged; will not update
2020-10-08T14:32:08-0400 [INFO    ] backups2datalad.py Syncing asset /sub-an041/sub-an041_ses-20140903_obj-1teaczs.nwb
2020-10-08T14:32:08-0400 [WARNING ] backups2datalad.py Asset metadata does not include sha256 hash
2020-10-08T14:32:08-0400 [INFO    ] backups2datalad.py Asset in dataset, hash not available, and size is unchanged; will not update
2020-10-08T14:32:08-0400 [INFO    ] backups2datalad.py Syncing asset /sub-an041/sub-an041_ses-20140903_obj-1ufzyhq.nwb
2020-10-08T14:32:08-0400 [WARNING ] backups2datalad.py Asset metadata does not include sha256 hash
2020-10-08T14:32:08-0400 [INFO    ] backups2datalad.py Asset in dataset, hash not available, and size is unchanged; will not update
2020-10-08T14:32:08-0400 [INFO    ] backups2datalad.py Syncing asset /sub-an041/sub-an041_ses-20140903_obj-6pdvnd.nwb
2020-10-08T14:32:08-0400 [WARNING ] backups2datalad.py Asset metadata does not include sha256 hash
2020-10-08T14:32:09-0400 [INFO    ] backups2datalad.py Asset in dataset, hash not available, and size is unchanged; will not update
2020-10-08T14:32:09-0400 [INFO    ] backups2datalad.py Syncing asset /sub-an041/sub-an041_ses-20140903_obj-8nvb63.nwb
2020-10-08T14:32:09-0400 [WARNING ] backups2datalad.py Asset metadata does not include sha256 hash
2020-10-08T14:32:09-0400 [INFO    ] backups2datalad.py Asset in dataset, hash not available, and size is unchanged; will not update
2020-10-08T14:32:09-0400 [INFO    ] backups2datalad.py Syncing asset /sub-an041/sub-an041_ses-20140903_obj-cpozn5.nwb
2020-10-08T14:32:09-0400 [WARNING ] backups2datalad.py Asset metadata does not include sha256 hash
2020-10-08T14:32:09-0400 [INFO    ] backups2datalad.py Asset in dataset, hash not available, and size is unchanged; will not update
2020-10-08T14:32:09-0400 [INFO    ] backups2datalad.py Syncing asset /sub-an041/sub-an041_ses-20140903_obj-hif3fj.nwb
2020-10-08T14:32:09-0400 [WARNING ] backups2datalad.py Asset metadata does not include sha256 hash
2020-10-08T14:32:10-0400 [INFO    ] backups2datalad.py Asset in dataset, hash not available, and size is unchanged; will not update
2020-10-08T14:32:10-0400 [INFO    ] backups2datalad.py Syncing asset /sub-an041/sub-an041_ses-20140903_obj-pfpcjq.nwb
2020-10-08T14:32:10-0400 [WARNING ] backups2datalad.py Asset metadata does not include sha256 hash
2020-10-08T14:32:10-0400 [INFO    ] backups2datalad.py Asset in dataset, hash not available, and size is unchanged; will not update
2020-10-08T14:32:10-0400 [INFO    ] backups2datalad.py Syncing asset /sub-an041/sub-an041_ses-20140903_obj-pk9qdj.nwb
2020-10-08T14:32:10-0400 [WARNING ] backups2datalad.py Asset metadata does not include sha256 hash
2020-10-08T14:32:10-0400 [INFO    ] backups2datalad.py Asset in dataset, hash not available, and size is unchanged; will not update
2020-10-08T14:32:10-0400 [INFO    ] backups2datalad.py Syncing asset /sub-an043/sub-an043_ses-20140904_obj-1d9fyha.nwb
2020-10-08T14:32:10-0400 [WARNING ] backups2datalad.py Asset metadata does not include sha256 hash
2020-10-08T14:32:10-0400 [INFO    ] backups2datalad.py Asset in dataset, hash not available, and size is unchanged; will not update
2020-10-08T14:32:10-0400 [INFO    ] backups2datalad.py Syncing asset /sub-an043/sub-an043_ses-20140904_obj-1psv4mm.nwb
2020-10-08T14:32:10-0400 [WARNING ] backups2datalad.py Asset metadata does not include sha256 hash
2020-10-08T14:32:11-0400 [INFO    ] backups2datalad.py Asset in dataset, hash not available, and size is unchanged; will not update
2020-10-08T14:32:11-0400 [INFO    ] backups2datalad.py Syncing asset /sub-an043/sub-an043_ses-20140904_obj-1uzd0hi.nwb
2020-10-08T14:32:11-0400 [WARNING ] backups2datalad.py Asset metadata does not include sha256 hash
2020-10-08T14:32:11-0400 [INFO    ] backups2datalad.py Asset in dataset, hash not available, and size is unchanged; will not update
2020-10-08T14:32:11-0400 [INFO    ] backups2datalad.py Syncing asset /sub-an043/sub-an043_ses-20140904_obj-1vojhi0.nwb
2020-10-08T14:32:11-0400 [WARNING ] backups2datalad.py Asset metadata does not include sha256 hash
2020-10-08T14:32:11-0400 [INFO    ] backups2datalad.py Asset in dataset, hash not available, and size is unchanged; will not update
2020-10-08T14:32:11-0400 [INFO    ] backups2datalad.py Syncing asset /sub-an043/sub-an043_ses-20140908_obj-17261dm.nwb
2020-10-08T14:32:11-0400 [WARNING ] backups2datalad.py Asset metadata does not include sha256 hash
2020-10-08T14:32:12-0400 [INFO    ] backups2datalad.py Asset in dataset, hash not available, and size is unchanged; will not update
2020-10-08T14:32:12-0400 [INFO    ] backups2datalad.py Syncing asset /sub-an043/sub-an043_ses-20140908_obj-1btu7t9.nwb
2020-10-08T14:32:12-0400 [WARNING ] backups2datalad.py Asset metadata does not include sha256 hash
2020-10-08T14:32:12-0400 [INFO    ] backups2datalad.py Asset in dataset, hash not available, and size is unchanged; will not update
2020-10-08T14:32:12-0400 [INFO    ] backups2datalad.py Syncing asset /sub-an043/sub-an043_ses-20140908_obj-1cpobhp.nwb
2020-10-08T14:32:12-0400 [WARNING ] backups2datalad.py Asset metadata does not include sha256 hash
2020-10-08T14:32:12-0400 [INFO    ] backups2datalad.py Asset in dataset, hash not available, and size is unchanged; will not update
2020-10-08T14:32:12-0400 [INFO    ] backups2datalad.py Syncing asset /sub-an043/sub-an043_ses-20140908_obj-1fcrvgw.nwb
2020-10-08T14:32:12-0400 [WARNING ] backups2datalad.py Asset metadata does not include sha256 hash
2020-10-08T14:32:12-0400 [INFO    ] backups2datalad.py Asset in dataset, hash not available, and size is unchanged; will not update
2020-10-08T14:32:12-0400 [INFO    ] backups2datalad.py Syncing asset /sub-an043/sub-an043_ses-20140908_obj-1zuk1g.nwb
2020-10-08T14:32:12-0400 [WARNING ] backups2datalad.py Asset metadata does not include sha256 hash
2020-10-08T14:32:13-0400 [INFO    ] backups2datalad.py Asset in dataset, hash not available, and size is unchanged; will not update
2020-10-08T14:32:13-0400 [INFO    ] backups2datalad.py Syncing asset /sub-an043/sub-an043_ses-20140908_obj-8cuvgs.nwb
2020-10-08T14:32:13-0400 [WARNING ] backups2datalad.py Asset metadata does not include sha256 hash
2020-10-08T14:32:13-0400 [INFO    ] backups2datalad.py Asset in dataset, hash not available, and size is unchanged; will not update
2020-10-08T14:32:13-0400 [INFO    ] backups2datalad.py Syncing asset /sub-an043/sub-an043_ses-20140909_obj-1fdkmhk.nwb
2020-10-08T14:32:13-0400 [WARNING ] backups2datalad.py Asset metadata does not include sha256 hash
2020-10-08T14:32:13-0400 [INFO    ] backups2datalad.py Asset in dataset, hash not available, and size is unchanged; will not update
2020-10-08T14:32:13-0400 [INFO    ] backups2datalad.py Syncing asset /sub-an043/sub-an043_ses-20140909_obj-1k5ijvj.nwb
2020-10-08T14:32:13-0400 [WARNING ] backups2datalad.py Asset metadata does not include sha256 hash
2020-10-08T14:32:14-0400 [INFO    ] backups2datalad.py Asset in dataset, hash not available, and size is unchanged; will not update
2020-10-08T14:32:14-0400 [INFO    ] backups2datalad.py Syncing asset /sub-an043/sub-an043_ses-20140909_obj-1pwrzqn.nwb
2020-10-08T14:32:14-0400 [WARNING ] backups2datalad.py Asset metadata does not include sha256 hash
2020-10-08T14:32:14-0400 [INFO    ] backups2datalad.py Asset in dataset, hash not available, and size is unchanged; will not update
2020-10-08T14:32:14-0400 [INFO    ] backups2datalad.py Syncing asset /sub-an043/sub-an043_ses-20140909_obj-27temj.nwb
2020-10-08T14:32:14-0400 [WARNING ] backups2datalad.py Asset metadata does not include sha256 hash
2020-10-08T14:32:14-0400 [INFO    ] backups2datalad.py Asset in dataset, hash not available, and size is unchanged; will not update
2020-10-08T14:32:14-0400 [INFO    ] backups2datalad.py Syncing asset /sub-an043/sub-an043_ses-20140909_obj-6vitlx.nwb
2020-10-08T14:32:14-0400 [WARNING ] backups2datalad.py Asset metadata does not include sha256 hash
2020-10-08T14:32:14-0400 [INFO    ] backups2datalad.py Asset in dataset, hash not available, and size is unchanged; will not update
2020-10-08T14:32:14-0400 [INFO    ] backups2datalad.py Syncing asset /sub-an043/sub-an043_ses-20140909_obj-8wwv6n.nwb
2020-10-08T14:32:14-0400 [WARNING ] backups2datalad.py Asset metadata does not include sha256 hash
2020-10-08T14:32:15-0400 [INFO    ] backups2datalad.py Asset in dataset, hash not available, and size is unchanged; will not update
2020-10-08T14:32:15-0400 [INFO    ] backups2datalad.py Syncing asset /sub-an043/sub-an043_ses-20140909_obj-ebvhu3.nwb
2020-10-08T14:32:15-0400 [WARNING ] backups2datalad.py Asset metadata does not include sha256 hash
2020-10-08T14:32:15-0400 [INFO    ] backups2datalad.py Asset in dataset, hash not available, and size is unchanged; will not update
2020-10-08T14:32:15-0400 [INFO    ] backups2datalad.py Syncing asset /sub-an043/sub-an043_ses-20140909_obj-rgbsj.nwb
2020-10-08T14:32:15-0400 [WARNING ] backups2datalad.py Asset metadata does not include sha256 hash
2020-10-08T14:32:15-0400 [INFO    ] backups2datalad.py Asset in dataset, hash not available, and size is unchanged; will not update
2020-10-08T14:32:15-0400 [INFO    ] backups2datalad.py Syncing asset /sub-an044/sub-an044_ses-20140915_obj-11nnwuf.nwb
2020-10-08T14:32:15-0400 [WARNING ] backups2datalad.py Asset metadata does not include sha256 hash
2020-10-08T14:32:16-0400 [INFO    ] backups2datalad.py Asset in dataset, hash not available, and size is unchanged; will not update
2020-10-08T14:32:16-0400 [INFO    ] backups2datalad.py Syncing asset /sub-an044/sub-an044_ses-20140915_obj-1m3ozjr.nwb
2020-10-08T14:32:16-0400 [WARNING ] backups2datalad.py Asset metadata does not include sha256 hash
2020-10-08T14:32:16-0400 [INFO    ] backups2datalad.py Asset in dataset, hash not available, and size is unchanged; will not update
2020-10-08T14:32:16-0400 [INFO    ] backups2datalad.py Syncing asset /sub-an044/sub-an044_ses-20140915_obj-leuiw7.nwb
2020-10-08T14:32:16-0400 [WARNING ] backups2datalad.py Asset metadata does not include sha256 hash
2020-10-08T14:32:16-0400 [INFO    ] backups2datalad.py Asset in dataset, hash not available, and size is unchanged; will not update
2020-10-08T14:32:16-0400 [INFO    ] backups2datalad.py Syncing asset /sub-an044/sub-an044_ses-20140915_obj-q34v38.nwb
2020-10-08T14:32:16-0400 [WARNING ] backups2datalad.py Asset metadata does not include sha256 hash
2020-10-08T14:32:17-0400 [INFO    ] backups2datalad.py Asset in dataset, hash not available, and size is unchanged; will not update
2020-10-08T14:32:17-0400 [INFO    ] backups2datalad.py Syncing asset /sub-an044/sub-an044_ses-20140921_obj-119qa5e.nwb
2020-10-08T14:32:17-0400 [WARNING ] backups2datalad.py Asset metadata does not include sha256 hash
2020-10-08T14:32:17-0400 [INFO    ] backups2datalad.py Asset in dataset, hash not available, and size is unchanged; will not update
2020-10-08T14:32:17-0400 [INFO    ] backups2datalad.py Syncing asset /sub-an044/sub-an044_ses-20140921_obj-14vdgsa.nwb
2020-10-08T14:32:17-0400 [WARNING ] backups2datalad.py Asset metadata does not include sha256 hash
2020-10-08T14:32:17-0400 [INFO    ] backups2datalad.py Asset in dataset, hash not available, and size is unchanged; will not update
2020-10-08T14:32:17-0400 [INFO    ] backups2datalad.py Syncing asset /sub-an044/sub-an044_ses-20140921_obj-1k0cq9z.nwb
2020-10-08T14:32:17-0400 [WARNING ] backups2datalad.py Asset metadata does not include sha256 hash
2020-10-08T14:32:18-0400 [INFO    ] backups2datalad.py Asset in dataset, hash not available, and size is unchanged; will not update
2020-10-08T14:32:18-0400 [INFO    ] backups2datalad.py Syncing asset /sub-an044/sub-an044_ses-20140921_obj-izm82o.nwb
2020-10-08T14:32:18-0400 [WARNING ] backups2datalad.py Asset metadata does not include sha256 hash
2020-10-08T14:32:18-0400 [INFO    ] backups2datalad.py Asset in dataset, hash not available, and size is unchanged; will not update
2020-10-08T14:32:18-0400 [INFO    ] backups2datalad.py Syncing asset /sub-an044/sub-an044_ses-20140922_obj-1d5hp9g.nwb
2020-10-08T14:32:18-0400 [WARNING ] backups2datalad.py Asset metadata does not include sha256 hash
2020-10-08T14:32:18-0400 [INFO    ] backups2datalad.py Asset in dataset, hash not available, and size is unchanged; will not update
2020-10-08T14:32:18-0400 [INFO    ] backups2datalad.py Syncing asset /sub-an044/sub-an044_ses-20140922_obj-1ofupaz.nwb
2020-10-08T14:32:18-0400 [WARNING ] backups2datalad.py Asset metadata does not include sha256 hash
2020-10-08T14:32:18-0400 [INFO    ] backups2datalad.py Asset in dataset, hash not available, and size is unchanged; will not update
2020-10-08T14:32:18-0400 [INFO    ] backups2datalad.py Syncing asset /sub-an044/sub-an044_ses-20140922_obj-1s9ir2j.nwb
2020-10-08T14:32:18-0400 [WARNING ] backups2datalad.py Asset metadata does not include sha256 hash
2020-10-08T14:32:19-0400 [INFO    ] backups2datalad.py Asset in dataset, hash not available, and size is unchanged; will not update
2020-10-08T14:32:19-0400 [INFO    ] backups2datalad.py Syncing asset /sub-an044/sub-an044_ses-20140922_obj-1sihl7p.nwb
2020-10-08T14:32:19-0400 [WARNING ] backups2datalad.py Asset metadata does not include sha256 hash
2020-10-08T14:32:19-0400 [INFO    ] backups2datalad.py Asset in dataset, hash not available, and size is unchanged; will not update
2020-10-08T14:32:19-0400 [INFO    ] backups2datalad.py Syncing asset /sub-an044/sub-an044_ses-20140922_obj-1w8xwi.nwb
2020-10-08T14:32:19-0400 [WARNING ] backups2datalad.py Asset metadata does not include sha256 hash
2020-10-08T14:32:19-0400 [INFO    ] backups2datalad.py Asset in dataset, hash not available, and size is unchanged; will not update
2020-10-08T14:32:19-0400 [INFO    ] backups2datalad.py Syncing asset /sub-an044/sub-an044_ses-20140922_obj-3pn8ni.nwb
2020-10-08T14:32:19-0400 [WARNING ] backups2datalad.py Asset metadata does not include sha256 hash
2020-10-08T14:32:20-0400 [INFO    ] backups2datalad.py Asset in dataset, hash not available, and size is unchanged; will not update
2020-10-08T14:32:20-0400 [INFO    ] backups2datalad.py Syncing asset /sub-an044/sub-an044_ses-20140923_obj-1dugu0v.nwb
2020-10-08T14:32:20-0400 [WARNING ] backups2datalad.py Asset metadata does not include sha256 hash
2020-10-08T14:32:20-0400 [INFO    ] backups2datalad.py Asset in dataset, hash not available, and size is unchanged; will not update
2020-10-08T14:32:20-0400 [INFO    ] backups2datalad.py Syncing asset /sub-an044/sub-an044_ses-20140923_obj-1o335up.nwb
2020-10-08T14:32:20-0400 [WARNING ] backups2datalad.py Asset metadata does not include sha256 hash
2020-10-08T14:32:20-0400 [INFO    ] backups2datalad.py Asset in dataset, hash not available, and size is unchanged; will not update
2020-10-08T14:32:20-0400 [INFO    ] backups2datalad.py Syncing asset /sub-an044/sub-an044_ses-20140923_obj-1sinakg.nwb
2020-10-08T14:32:20-0400 [WARNING ] backups2datalad.py Asset metadata does not include sha256 hash
2020-10-08T14:32:20-0400 [INFO    ] backups2datalad.py Asset in dataset, hash not available, and size is unchanged; will not update
2020-10-08T14:32:20-0400 [INFO    ] backups2datalad.py Syncing asset /sub-an044/sub-an044_ses-20140923_obj-7yvntr.nwb
2020-10-08T14:32:20-0400 [WARNING ] backups2datalad.py Asset metadata does not include sha256 hash
2020-10-08T14:32:21-0400 [INFO    ] backups2datalad.py Asset in dataset, hash not available, and size is unchanged; will not update
2020-10-08T14:32:21-0400 [INFO    ] backups2datalad.py Syncing asset /sub-an044/sub-an044_ses-20140923_obj-mcllak.nwb
2020-10-08T14:32:21-0400 [WARNING ] backups2datalad.py Asset metadata does not include sha256 hash
2020-10-08T14:32:21-0400 [INFO    ] backups2datalad.py Asset in dataset, hash not available, and size is unchanged; will not update
2020-10-08T14:32:21-0400 [INFO    ] backups2datalad.py Syncing asset /sub-an044/sub-an044_ses-20140923_obj-wl7oh.nwb
2020-10-08T14:32:21-0400 [WARNING ] backups2datalad.py Asset metadata does not include sha256 hash
2020-10-08T14:32:21-0400 [INFO    ] backups2datalad.py Asset in dataset, hash not available, and size is unchanged; will not update
2020-10-08T14:32:21-0400 [INFO    ] backups2datalad.py Syncing asset /sub-an044/sub-an044_ses-20140925_obj-1d3ze6d.nwb
2020-10-08T14:32:21-0400 [WARNING ] backups2datalad.py Asset metadata does not include sha256 hash
2020-10-08T14:32:22-0400 [INFO    ] backups2datalad.py Asset in dataset, hash not available, and size is unchanged; will not update
2020-10-08T14:32:22-0400 [INFO    ] backups2datalad.py Syncing asset /sub-an044/sub-an044_ses-20140925_obj-1eikwlf.nwb
2020-10-08T14:32:22-0400 [WARNING ] backups2datalad.py Asset metadata does not include sha256 hash
2020-10-08T14:32:22-0400 [INFO    ] backups2datalad.py Asset in dataset, hash not available, and size is unchanged; will not update
2020-10-08T14:32:22-0400 [INFO    ] backups2datalad.py Syncing asset /sub-an044/sub-an044_ses-20140925_obj-kt2npb.nwb
2020-10-08T14:32:22-0400 [WARNING ] backups2datalad.py Asset metadata does not include sha256 hash
2020-10-08T14:32:22-0400 [INFO    ] backups2datalad.py Asset in dataset, hash not available, and size is unchanged; will not update
2020-10-08T14:32:22-0400 [INFO    ] backups2datalad.py Syncing asset /sub-an044/sub-an044_ses-20140925_obj-ymo12z.nwb
2020-10-08T14:32:22-0400 [WARNING ] backups2datalad.py Asset metadata does not include sha256 hash
2020-10-08T14:32:23-0400 [INFO    ] backups2datalad.py Asset in dataset, hash not available, and size is unchanged; will not update
2020-10-08T14:32:23-0400 [INFO    ] backups2datalad.py Syncing asset /sub-an044/sub-an044_ses-20140929_obj-11h2y8j.nwb
2020-10-08T14:32:23-0400 [WARNING ] backups2datalad.py Asset metadata does not include sha256 hash
2020-10-08T14:32:23-0400 [INFO    ] backups2datalad.py Asset in dataset, hash not available, and size is unchanged; will not update
2020-10-08T14:32:23-0400 [INFO    ] backups2datalad.py Syncing asset /sub-an044/sub-an044_ses-20140929_obj-1vm7imw.nwb
2020-10-08T14:32:23-0400 [WARNING ] backups2datalad.py Asset metadata does not include sha256 hash
2020-10-08T14:32:23-0400 [INFO    ] backups2datalad.py Asset in dataset, hash not available, and size is unchanged; will not update
2020-10-08T14:32:23-0400 [INFO    ] backups2datalad.py Syncing asset /sub-an044/sub-an044_ses-20140929_obj-1ws5y5u.nwb
2020-10-08T14:32:23-0400 [WARNING ] backups2datalad.py Asset metadata does not include sha256 hash
2020-10-08T14:32:23-0400 [INFO    ] backups2datalad.py Asset in dataset, hash not available, and size is unchanged; will not update
2020-10-08T14:32:23-0400 [INFO    ] backups2datalad.py Syncing asset /sub-an044/sub-an044_ses-20140929_obj-3fi722.nwb
2020-10-08T14:32:23-0400 [WARNING ] backups2datalad.py Asset metadata does not include sha256 hash
2020-10-08T14:32:24-0400 [INFO    ] backups2datalad.py Asset in dataset, hash not available, and size is unchanged; will not update
2020-10-08T14:32:24-0400 [INFO    ] backups2datalad.py Syncing asset /sub-an044/sub-an044_ses-20140929_obj-fr88k9.nwb
2020-10-08T14:32:24-0400 [WARNING ] backups2datalad.py Asset metadata does not include sha256 hash
2020-10-08T14:32:24-0400 [INFO    ] backups2datalad.py Asset in dataset, hash not available, and size is unchanged; will not update
2020-10-08T14:32:24-0400 [INFO    ] backups2datalad.py Syncing asset /sub-an044/sub-an044_ses-20140929_obj-s744ar.nwb
2020-10-08T14:32:24-0400 [WARNING ] backups2datalad.py Asset metadata does not include sha256 hash
2020-10-08T14:32:24-0400 [INFO    ] backups2datalad.py Asset in dataset, hash not available, and size is unchanged; will not update
2020-10-08T14:32:24-0400 [INFO    ] backups2datalad.py Syncing asset /sub-an044/sub-an044_ses-20140930_obj-1ibzdpl.nwb
2020-10-08T14:32:24-0400 [WARNING ] backups2datalad.py Asset metadata does not include sha256 hash
2020-10-08T14:32:25-0400 [INFO    ] backups2datalad.py Asset in dataset, hash not available, and size is unchanged; will not update
2020-10-08T14:32:25-0400 [INFO    ] backups2datalad.py Syncing asset /sub-an044/sub-an044_ses-20140930_obj-1vd1ono.nwb
2020-10-08T14:32:25-0400 [WARNING ] backups2datalad.py Asset metadata does not include sha256 hash
2020-10-08T14:32:25-0400 [INFO    ] backups2datalad.py Asset in dataset, hash not available, and size is unchanged; will not update
2020-10-08T14:32:25-0400 [INFO    ] backups2datalad.py Syncing asset /sub-an044/sub-an044_ses-20140930_obj-5gl851.nwb
2020-10-08T14:32:25-0400 [WARNING ] backups2datalad.py Asset metadata does not include sha256 hash
2020-10-08T14:32:25-0400 [INFO    ] backups2datalad.py Asset in dataset, hash not available, and size is unchanged; will not update
2020-10-08T14:32:25-0400 [INFO    ] backups2datalad.py Syncing asset /sub-an044/sub-an044_ses-20140930_obj-b4l53g.nwb
2020-10-08T14:32:25-0400 [WARNING ] backups2datalad.py Asset metadata does not include sha256 hash
2020-10-08T14:32:25-0400 [INFO    ] backups2datalad.py Asset in dataset, hash not available, and size is unchanged; will not update
2020-10-08T14:32:25-0400 [INFO    ] backups2datalad.py Syncing asset /sub-an044/sub-an044_ses-20140930_obj-e1gnwj.nwb
2020-10-08T14:32:25-0400 [WARNING ] backups2datalad.py Asset metadata does not include sha256 hash
2020-10-08T14:32:26-0400 [INFO    ] backups2datalad.py Asset in dataset, hash not available, and size is unchanged; will not update
2020-10-08T14:32:26-0400 [INFO    ] backups2datalad.py Syncing asset /sub-an044/sub-an044_ses-20140930_obj-ebi18k.nwb
2020-10-08T14:32:26-0400 [WARNING ] backups2datalad.py Asset metadata does not include sha256 hash
2020-10-08T14:32:26-0400 [INFO    ] backups2datalad.py Asset in dataset, hash not available, and size is unchanged; will not update
2020-10-08T14:32:26-0400 [INFO    ] backups2datalad.py Syncing asset /sub-an044/sub-an044_ses-20140930_obj-o3x4z9.nwb
2020-10-08T14:32:26-0400 [WARNING ] backups2datalad.py Asset metadata does not include sha256 hash
2020-10-08T14:32:26-0400 [INFO    ] backups2datalad.py Asset in dataset, hash not available, and size is unchanged; will not update
2020-10-08T14:32:26-0400 [INFO    ] backups2datalad.py Syncing asset /sub-an044/sub-an044_ses-20140930_obj-rauxs0.nwb
2020-10-08T14:32:26-0400 [WARNING ] backups2datalad.py Asset metadata does not include sha256 hash
2020-10-08T14:32:27-0400 [INFO    ] backups2datalad.py Asset in dataset, hash not available, and size is unchanged; will not update
2020-10-08T14:32:27-0400 [INFO    ] backups2datalad.py Syncing asset /sub-an044/sub-an044_ses-20141006_obj-1c15qeb.nwb
2020-10-08T14:32:27-0400 [WARNING ] backups2datalad.py Asset metadata does not include sha256 hash
2020-10-08T14:32:27-0400 [INFO    ] backups2datalad.py Asset in dataset, hash not available, and size is unchanged; will not update
2020-10-08T14:32:27-0400 [INFO    ] backups2datalad.py Syncing asset /sub-an044/sub-an044_ses-20141006_obj-3s9x4i.nwb
2020-10-08T14:32:27-0400 [WARNING ] backups2datalad.py Asset metadata does not include sha256 hash
2020-10-08T14:32:27-0400 [INFO    ] backups2datalad.py Asset in dataset, hash not available, and size is unchanged; will not update
2020-10-08T14:32:27-0400 [INFO    ] backups2datalad.py Syncing asset /sub-an044/sub-an044_ses-20141006_obj-8y1chr.nwb
2020-10-08T14:32:27-0400 [WARNING ] backups2datalad.py Asset metadata does not include sha256 hash
2020-10-08T14:32:28-0400 [INFO    ] backups2datalad.py Asset in dataset, hash not available, and size is unchanged; will not update
2020-10-08T14:32:28-0400 [INFO    ] backups2datalad.py Syncing asset /sub-an044/sub-an044_ses-20141006_obj-axqpak.nwb
2020-10-08T14:32:28-0400 [WARNING ] backups2datalad.py Asset metadata does not include sha256 hash
2020-10-08T14:32:28-0400 [INFO    ] backups2datalad.py Asset in dataset, hash not available, and size is unchanged; will not update
2020-10-08T14:32:28-0400 [INFO    ] backups2datalad.py Syncing asset /sub-an044/sub-an044_ses-20141006_obj-n18815.nwb
2020-10-08T14:32:28-0400 [WARNING ] backups2datalad.py Asset metadata does not include sha256 hash
2020-10-08T14:32:28-0400 [INFO    ] backups2datalad.py Asset in dataset, hash not available, and size is unchanged; will not update
2020-10-08T14:32:28-0400 [INFO    ] backups2datalad.py Syncing asset /sub-an044/sub-an044_ses-20141006_obj-o4unoi.nwb
2020-10-08T14:32:28-0400 [WARNING ] backups2datalad.py Asset metadata does not include sha256 hash
2020-10-08T14:32:29-0400 [INFO    ] backups2datalad.py Asset in dataset, hash not available, and size is unchanged; will not update
2020-10-08T14:32:29-0400 [INFO    ] backups2datalad.py Syncing asset /sub-an044/sub-an044_ses-20141008_obj-1n07k9l.nwb
2020-10-08T14:32:29-0400 [WARNING ] backups2datalad.py Asset metadata does not include sha256 hash
2020-10-08T14:32:29-0400 [INFO    ] backups2datalad.py Asset in dataset, hash not available, and size is unchanged; will not update
2020-10-08T14:32:29-0400 [INFO    ] backups2datalad.py Syncing asset /sub-an044/sub-an044_ses-20141008_obj-1opyyg3.nwb
2020-10-08T14:32:29-0400 [WARNING ] backups2datalad.py Asset metadata does not include sha256 hash
2020-10-08T14:32:29-0400 [INFO    ] backups2datalad.py Asset in dataset, hash not available, and size is unchanged; will not update
2020-10-08T14:32:29-0400 [INFO    ] backups2datalad.py Syncing asset /sub-an044/sub-an044_ses-20141008_obj-2fqd7d.nwb
2020-10-08T14:32:29-0400 [WARNING ] backups2datalad.py Asset metadata does not include sha256 hash
2020-10-08T14:32:30-0400 [INFO    ] backups2datalad.py Asset in dataset, hash not available, and size is unchanged; will not update
2020-10-08T14:32:30-0400 [INFO    ] backups2datalad.py Syncing asset /sub-an044/sub-an044_ses-20141008_obj-l21tog.nwb
2020-10-08T14:32:30-0400 [WARNING ] backups2datalad.py Asset metadata does not include sha256 hash
2020-10-08T14:32:30-0400 [INFO    ] backups2datalad.py Asset in dataset, hash not available, and size is unchanged; will not update
2020-10-08T14:32:30-0400 [INFO    ] backups2datalad.py Syncing asset /sub-an044/sub-an044_ses-20141008_obj-pj86z6.nwb
2020-10-08T14:32:30-0400 [WARNING ] backups2datalad.py Asset metadata does not include sha256 hash
2020-10-08T14:32:30-0400 [INFO    ] backups2datalad.py Asset in dataset, hash not available, and size is unchanged; will not update
2020-10-08T14:32:30-0400 [INFO    ] backups2datalad.py Syncing asset /sub-an044/sub-an044_ses-20141008_obj-v2ju38.nwb
2020-10-08T14:32:30-0400 [WARNING ] backups2datalad.py Asset metadata does not include sha256 hash
2020-10-08T14:32:30-0400 [INFO    ] backups2datalad.py Asset in dataset, hash not available, and size is unchanged; will not update
2020-10-08T14:32:30-0400 [INFO    ] backups2datalad.py Syncing asset /sub-an044/sub-an044_ses-20141009_obj-1smq5mn.nwb
2020-10-08T14:32:30-0400 [WARNING ] backups2datalad.py Asset metadata does not include sha256 hash
2020-10-08T14:32:31-0400 [INFO    ] backups2datalad.py Asset in dataset, hash not available, and size is unchanged; will not update
2020-10-08T14:32:31-0400 [INFO    ] backups2datalad.py Syncing asset /sub-an044/sub-an044_ses-20141009_obj-95ec2k.nwb
2020-10-08T14:32:31-0400 [WARNING ] backups2datalad.py Asset metadata does not include sha256 hash
2020-10-08T14:32:31-0400 [INFO    ] backups2datalad.py Asset in dataset, hash not available, and size is unchanged; will not update
2020-10-08T14:32:31-0400 [INFO    ] backups2datalad.py Syncing asset /sub-an044/sub-an044_ses-20141009_obj-bihpoy.nwb
2020-10-08T14:32:31-0400 [WARNING ] backups2datalad.py Asset metadata does not include sha256 hash
2020-10-08T14:32:31-0400 [INFO    ] backups2datalad.py Asset in dataset, hash not available, and size is unchanged; will not update
2020-10-08T14:32:31-0400 [INFO    ] backups2datalad.py Syncing asset /sub-an044/sub-an044_ses-20141009_obj-n039k0.nwb
2020-10-08T14:32:31-0400 [WARNING ] backups2datalad.py Asset metadata does not include sha256 hash
2020-10-08T14:32:32-0400 [INFO    ] backups2datalad.py Asset in dataset, hash not available, and size is unchanged; will not update
2020-10-08T14:32:32-0400 [INFO    ] backups2datalad.py Syncing asset /sub-an063/sub-an063_ses-20150202_obj-1dka5up.nwb
2020-10-08T14:32:32-0400 [WARNING ] backups2datalad.py Asset metadata does not include sha256 hash
2020-10-08T14:32:32-0400 [INFO    ] backups2datalad.py Asset in dataset, hash not available, and size is unchanged; will not update
2020-10-08T14:32:32-0400 [INFO    ] backups2datalad.py Syncing asset /sub-an063/sub-an063_ses-20150202_obj-1hqhbp5.nwb
2020-10-08T14:32:32-0400 [WARNING ] backups2datalad.py Asset metadata does not include sha256 hash
2020-10-08T14:32:32-0400 [INFO    ] backups2datalad.py Asset in dataset, hash not available, and size is unchanged; will not update
2020-10-08T14:32:32-0400 [INFO    ] backups2datalad.py Syncing asset /sub-an063/sub-an063_ses-20150202_obj-1wsavki.nwb
2020-10-08T14:32:32-0400 [WARNING ] backups2datalad.py Asset metadata does not include sha256 hash
2020-10-08T14:32:33-0400 [INFO    ] backups2datalad.py Asset in dataset, hash not available, and size is unchanged; will not update
2020-10-08T14:32:33-0400 [INFO    ] backups2datalad.py Syncing asset /sub-an063/sub-an063_ses-20150202_obj-5dkous.nwb
2020-10-08T14:32:33-0400 [WARNING ] backups2datalad.py Asset metadata does not include sha256 hash
2020-10-08T14:32:33-0400 [INFO    ] backups2datalad.py Asset in dataset, hash not available, and size is unchanged; will not update
2020-10-08T14:32:33-0400 [INFO    ] backups2datalad.py Syncing asset /sub-an063/sub-an063_ses-20150202_obj-h8f1ho.nwb
2020-10-08T14:32:33-0400 [WARNING ] backups2datalad.py Asset metadata does not include sha256 hash
2020-10-08T14:32:33-0400 [INFO    ] backups2datalad.py Asset in dataset, hash not available, and size is unchanged; will not update
2020-10-08T14:32:33-0400 [INFO    ] backups2datalad.py Syncing asset /sub-an063/sub-an063_ses-20150202_obj-suummr.nwb
2020-10-08T14:32:33-0400 [WARNING ] backups2datalad.py Asset metadata does not include sha256 hash
2020-10-08T14:32:33-0400 [INFO    ] backups2datalad.py Asset in dataset, hash not available, and size is unchanged; will not update
2020-10-08T14:32:33-0400 [INFO    ] backups2datalad.py Syncing asset /sub-an063/sub-an063_ses-20150203_obj-14mczjs.nwb
2020-10-08T14:32:33-0400 [WARNING ] backups2datalad.py Asset metadata does not include sha256 hash
2020-10-08T14:32:34-0400 [INFO    ] backups2datalad.py Asset in dataset, hash not available, and size is unchanged; will not update
2020-10-08T14:32:34-0400 [INFO    ] backups2datalad.py Syncing asset /sub-an063/sub-an063_ses-20150203_obj-14s3793.nwb
2020-10-08T14:32:34-0400 [WARNING ] backups2datalad.py Asset metadata does not include sha256 hash
2020-10-08T14:32:34-0400 [INFO    ] backups2datalad.py Asset in dataset, hash not available, and size is unchanged; will not update
2020-10-08T14:32:34-0400 [INFO    ] backups2datalad.py Syncing asset /sub-an063/sub-an063_ses-20150203_obj-1i2x5ud.nwb
2020-10-08T14:32:34-0400 [WARNING ] backups2datalad.py Asset metadata does not include sha256 hash
2020-10-08T14:32:34-0400 [INFO    ] backups2datalad.py Asset in dataset, hash not available, and size is unchanged; will not update
2020-10-08T14:32:34-0400 [INFO    ] backups2datalad.py Syncing asset /sub-an063/sub-an063_ses-20150203_obj-2xsvq9.nwb
2020-10-08T14:32:34-0400 [WARNING ] backups2datalad.py Asset metadata does not include sha256 hash
2020-10-08T14:32:35-0400 [INFO    ] backups2datalad.py Asset in dataset, hash not available, and size is unchanged; will not update
2020-10-08T14:32:35-0400 [INFO    ] backups2datalad.py Syncing asset /sub-an063/sub-an063_ses-20150203_obj-nooo5m.nwb
2020-10-08T14:32:35-0400 [WARNING ] backups2datalad.py Asset metadata does not include sha256 hash
2020-10-08T14:32:35-0400 [INFO    ] backups2datalad.py Asset in dataset, hash not available, and size is unchanged; will not update
2020-10-08T14:32:35-0400 [INFO    ] backups2datalad.py Syncing asset /sub-an063/sub-an063_ses-20150203_obj-o3a2bp.nwb
2020-10-08T14:32:35-0400 [WARNING ] backups2datalad.py Asset metadata does not include sha256 hash
2020-10-08T14:32:35-0400 [INFO    ] backups2datalad.py Asset in dataset, hash not available, and size is unchanged; will not update
2020-10-08T14:32:35-0400 [INFO    ] backups2datalad.py Syncing asset /sub-an063/sub-an063_ses-20150204_obj-1383d52.nwb
2020-10-08T14:32:35-0400 [WARNING ] backups2datalad.py Asset metadata does not include sha256 hash
2020-10-08T14:32:35-0400 [INFO    ] backups2datalad.py Asset in dataset, hash not available, and size is unchanged; will not update
2020-10-08T14:32:35-0400 [INFO    ] backups2datalad.py Syncing asset /sub-an063/sub-an063_ses-20150204_obj-1fndaqz.nwb
2020-10-08T14:32:35-0400 [WARNING ] backups2datalad.py Asset metadata does not include sha256 hash
2020-10-08T14:32:36-0400 [INFO    ] backups2datalad.py Asset in dataset, hash not available, and size is unchanged; will not update
2020-10-08T14:32:36-0400 [INFO    ] backups2datalad.py Syncing asset /sub-an063/sub-an063_ses-20150204_obj-vr71qv.nwb
2020-10-08T14:32:36-0400 [WARNING ] backups2datalad.py Asset metadata does not include sha256 hash
2020-10-08T14:32:36-0400 [INFO    ] backups2datalad.py Asset in dataset, hash not available, and size is unchanged; will not update
2020-10-08T14:32:36-0400 [INFO    ] backups2datalad.py Syncing asset /sub-an063/sub-an063_ses-20150204_obj-xxcliq.nwb
2020-10-08T14:32:36-0400 [WARNING ] backups2datalad.py Asset metadata does not include sha256 hash
2020-10-08T14:32:36-0400 [INFO    ] backups2datalad.py Asset in dataset, hash not available, and size is unchanged; will not update
2020-10-08T14:32:36-0400 [INFO    ] backups2datalad.py Syncing asset /sub-an063/sub-an063_ses-20150206_obj-18cr6bf.nwb
2020-10-08T14:32:36-0400 [WARNING ] backups2datalad.py Asset metadata does not include sha256 hash
2020-10-08T14:32:37-0400 [INFO    ] backups2datalad.py Asset in dataset, hash not available, and size is unchanged; will not update
2020-10-08T14:32:37-0400 [INFO    ] backups2datalad.py Syncing asset /sub-an063/sub-an063_ses-20150206_obj-1a5kxg1.nwb
2020-10-08T14:32:37-0400 [WARNING ] backups2datalad.py Asset metadata does not include sha256 hash
2020-10-08T14:32:37-0400 [INFO    ] backups2datalad.py Asset in dataset, hash not available, and size is unchanged; will not update
2020-10-08T14:32:37-0400 [INFO    ] backups2datalad.py Syncing asset /sub-an063/sub-an063_ses-20150206_obj-1bn4h5y.nwb
2020-10-08T14:32:37-0400 [WARNING ] backups2datalad.py Asset metadata does not include sha256 hash
2020-10-08T14:32:37-0400 [INFO    ] backups2datalad.py Asset in dataset, hash not available, and size is unchanged; will not update
2020-10-08T14:32:37-0400 [INFO    ] backups2datalad.py Syncing asset /sub-an063/sub-an063_ses-20150206_obj-1vblayf.nwb
2020-10-08T14:32:37-0400 [WARNING ] backups2datalad.py Asset metadata does not include sha256 hash
2020-10-08T14:32:37-0400 [INFO    ] backups2datalad.py Asset in dataset, hash not available, and size is unchanged; will not update
2020-10-08T14:32:37-0400 [INFO    ] backups2datalad.py Syncing asset /sub-an063/sub-an063_ses-20150206_obj-8tb17u.nwb
2020-10-08T14:32:37-0400 [WARNING ] backups2datalad.py Asset metadata does not include sha256 hash
2020-10-08T14:32:38-0400 [INFO    ] backups2datalad.py Asset in dataset, hash not available, and size is unchanged; will not update
2020-10-08T14:32:38-0400 [INFO    ] backups2datalad.py Syncing asset /sub-an063/sub-an063_ses-20150206_obj-p1fs4e.nwb
2020-10-08T14:32:38-0400 [WARNING ] backups2datalad.py Asset metadata does not include sha256 hash
2020-10-08T14:32:38-0400 [INFO    ] backups2datalad.py Asset in dataset, hash not available, and size is unchanged; will not update
2020-10-08T14:32:38-0400 [INFO    ] backups2datalad.py Syncing asset /sub-an063/sub-an063_ses-20150206_obj-ugeg07.nwb
2020-10-08T14:32:38-0400 [WARNING ] backups2datalad.py Asset metadata does not include sha256 hash
2020-10-08T14:32:38-0400 [INFO    ] backups2datalad.py Asset in dataset, hash not available, and size is unchanged; will not update
2020-10-08T14:32:38-0400 [INFO    ] backups2datalad.py Syncing asset /sub-an063/sub-an063_ses-20150206_obj-zzwpbf.nwb
2020-10-08T14:32:38-0400 [WARNING ] backups2datalad.py Asset metadata does not include sha256 hash
2020-10-08T14:32:39-0400 [INFO    ] backups2datalad.py Asset in dataset, hash not available, and size is unchanged; will not update
2020-10-08T14:32:39-0400 [INFO    ] backups2datalad.py Syncing asset /sub-an063/sub-an063_ses-20150209_obj-11bsnmh.nwb
2020-10-08T14:32:39-0400 [WARNING ] backups2datalad.py Asset metadata does not include sha256 hash
2020-10-08T14:32:39-0400 [INFO    ] backups2datalad.py Asset in dataset, hash not available, and size is unchanged; will not update
2020-10-08T14:32:39-0400 [INFO    ] backups2datalad.py Syncing asset /sub-an063/sub-an063_ses-20150209_obj-1aj2i7o.nwb
2020-10-08T14:32:39-0400 [WARNING ] backups2datalad.py Asset metadata does not include sha256 hash
2020-10-08T14:32:39-0400 [INFO    ] backups2datalad.py Asset in dataset, hash not available, and size is unchanged; will not update
2020-10-08T14:32:39-0400 [INFO    ] backups2datalad.py Syncing asset /sub-an063/sub-an063_ses-20150209_obj-1gjcsui.nwb
2020-10-08T14:32:39-0400 [WARNING ] backups2datalad.py Asset metadata does not include sha256 hash
2020-10-08T14:32:39-0400 [INFO    ] backups2datalad.py Asset in dataset, hash not available, and size is unchanged; will not update
2020-10-08T14:32:39-0400 [INFO    ] backups2datalad.py Syncing asset /sub-an063/sub-an063_ses-20150209_obj-1grkv6m.nwb
2020-10-08T14:32:40-0400 [WARNING ] backups2datalad.py Asset metadata does not include sha256 hash
2020-10-08T14:32:40-0400 [INFO    ] backups2datalad.py Asset in dataset, hash not available, and size is unchanged; will not update
2020-10-08T14:32:40-0400 [INFO    ] backups2datalad.py Syncing asset /sub-an063/sub-an063_ses-20150209_obj-1tsiylt.nwb
2020-10-08T14:32:40-0400 [WARNING ] backups2datalad.py Asset metadata does not include sha256 hash
2020-10-08T14:32:40-0400 [INFO    ] backups2datalad.py Asset in dataset, hash not available, and size is unchanged; will not update
2020-10-08T14:32:40-0400 [INFO    ] backups2datalad.py Syncing asset /sub-an063/sub-an063_ses-20150209_obj-1tztuv4.nwb
2020-10-08T14:32:40-0400 [WARNING ] backups2datalad.py Asset metadata does not include sha256 hash
2020-10-08T14:32:40-0400 [INFO    ] backups2datalad.py Asset in dataset, hash not available, and size is unchanged; will not update
2020-10-08T14:32:40-0400 [INFO    ] backups2datalad.py Syncing asset /sub-an063/sub-an063_ses-20150209_obj-2zeyhf.nwb
2020-10-08T14:32:40-0400 [WARNING ] backups2datalad.py Asset metadata does not include sha256 hash
2020-10-08T14:32:41-0400 [INFO    ] backups2datalad.py Asset in dataset, hash not available, and size is unchanged; will not update
2020-10-08T14:32:41-0400 [INFO    ] backups2datalad.py Syncing asset /sub-an063/sub-an063_ses-20150209_obj-kmhsto.nwb
2020-10-08T14:32:41-0400 [WARNING ] backups2datalad.py Asset metadata does not include sha256 hash
2020-10-08T14:32:41-0400 [INFO    ] backups2datalad.py Asset in dataset, hash not available, and size is unchanged; will not update
2020-10-08T14:32:41-0400 [INFO    ] backups2datalad.py Syncing asset /sub-an063/sub-an063_ses-20150212_obj-175nvqu.nwb
2020-10-08T14:32:41-0400 [WARNING ] backups2datalad.py Asset metadata does not include sha256 hash
2020-10-08T14:32:41-0400 [INFO    ] backups2datalad.py Asset in dataset, hash not available, and size is unchanged; will not update
2020-10-08T14:32:41-0400 [INFO    ] backups2datalad.py Syncing asset /sub-an063/sub-an063_ses-20150212_obj-1m4d9zo.nwb
2020-10-08T14:32:41-0400 [WARNING ] backups2datalad.py Asset metadata does not include sha256 hash
2020-10-08T14:32:41-0400 [INFO    ] backups2datalad.py Asset in dataset, hash not available, and size is unchanged; will not update
2020-10-08T14:32:41-0400 [INFO    ] backups2datalad.py Syncing asset /sub-an063/sub-an063_ses-20150212_obj-1o5futo.nwb
2020-10-08T14:32:41-0400 [WARNING ] backups2datalad.py Asset metadata does not include sha256 hash
2020-10-08T14:32:42-0400 [INFO    ] backups2datalad.py Asset in dataset, hash not available, and size is unchanged; will not update
2020-10-08T14:32:42-0400 [INFO    ] backups2datalad.py Syncing asset /sub-an063/sub-an063_ses-20150212_obj-1oev14d.nwb
2020-10-08T14:32:42-0400 [WARNING ] backups2datalad.py Asset metadata does not include sha256 hash
2020-10-08T14:32:42-0400 [INFO    ] backups2datalad.py Asset in dataset, hash not available, and size is unchanged; will not update
2020-10-08T14:32:42-0400 [INFO    ] backups2datalad.py Syncing asset /sub-an063/sub-an063_ses-20150212_obj-20zoqo.nwb
2020-10-08T14:32:42-0400 [WARNING ] backups2datalad.py Asset metadata does not include sha256 hash
2020-10-08T14:32:42-0400 [INFO    ] backups2datalad.py Asset in dataset, hash not available, and size is unchanged; will not update
2020-10-08T14:32:42-0400 [INFO    ] backups2datalad.py Syncing asset /sub-an063/sub-an063_ses-20150212_obj-6qmdsc.nwb
2020-10-08T14:32:42-0400 [WARNING ] backups2datalad.py Asset metadata does not include sha256 hash
2020-10-08T14:32:43-0400 [INFO    ] backups2datalad.py Asset in dataset, hash not available, and size is unchanged; will not update
2020-10-08T14:32:43-0400 [INFO    ] backups2datalad.py Syncing asset /sub-an063/sub-an063_ses-20150212_obj-ras7d.nwb
2020-10-08T14:32:43-0400 [WARNING ] backups2datalad.py Asset metadata does not include sha256 hash
2020-10-08T14:32:43-0400 [INFO    ] backups2datalad.py Asset in dataset, hash not available, and size is unchanged; will not update
2020-10-08T14:32:43-0400 [INFO    ] backups2datalad.py Syncing asset /sub-an063/sub-an063_ses-20150212_obj-skiwgj.nwb
2020-10-08T14:32:43-0400 [WARNING ] backups2datalad.py Asset metadata does not include sha256 hash
2020-10-08T14:32:43-0400 [INFO    ] backups2datalad.py Asset in dataset, hash not available, and size is unchanged; will not update
2020-10-08T14:32:43-0400 [INFO    ] backups2datalad.py Syncing asset /sub-an064/sub-an064_ses-20150210_obj-kschv7.nwb
2020-10-08T14:32:43-0400 [WARNING ] backups2datalad.py Asset metadata does not include sha256 hash
2020-10-08T14:32:44-0400 [INFO    ] backups2datalad.py Asset in dataset, hash not available, and size is unchanged; will not update
2020-10-08T14:32:44-0400 [INFO    ] backups2datalad.py Syncing asset /sub-an064/sub-an064_ses-20150210_obj-n49zw2.nwb
2020-10-08T14:32:44-0400 [WARNING ] backups2datalad.py Asset metadata does not include sha256 hash
2020-10-08T14:32:44-0400 [INFO    ] backups2datalad.py Asset in dataset, hash not available, and size is unchanged; will not update
2020-10-08T14:32:44-0400 [INFO    ] backups2datalad.py Syncing asset /sub-an064/sub-an064_ses-20150210_obj-pg3siu.nwb
2020-10-08T14:32:44-0400 [WARNING ] backups2datalad.py Asset metadata does not include sha256 hash
2020-10-08T14:32:44-0400 [INFO    ] backups2datalad.py Asset in dataset, hash not available, and size is unchanged; will not update
2020-10-08T14:32:44-0400 [INFO    ] backups2datalad.py Syncing asset /sub-an064/sub-an064_ses-20150210_obj-rkekbv.nwb
2020-10-08T14:32:44-0400 [WARNING ] backups2datalad.py Asset metadata does not include sha256 hash
2020-10-08T14:32:44-0400 [INFO    ] backups2datalad.py Asset in dataset, hash not available, and size is unchanged; will not update
2020-10-08T14:32:44-0400 [INFO    ] backups2datalad.py Syncing asset /sub-an064/sub-an064_ses-20150211_obj-128cdly.nwb
2020-10-08T14:32:44-0400 [WARNING ] backups2datalad.py Asset metadata does not include sha256 hash
2020-10-08T14:32:45-0400 [INFO    ] backups2datalad.py Asset in dataset, hash not available, and size is unchanged; will not update
2020-10-08T14:32:45-0400 [INFO    ] backups2datalad.py Syncing asset /sub-an064/sub-an064_ses-20150211_obj-13oug0a.nwb
2020-10-08T14:32:45-0400 [WARNING ] backups2datalad.py Asset metadata does not include sha256 hash
2020-10-08T14:32:45-0400 [INFO    ] backups2datalad.py Asset in dataset, hash not available, and size is unchanged; will not update
2020-10-08T14:32:45-0400 [INFO    ] backups2datalad.py Syncing asset /sub-an064/sub-an064_ses-20150211_obj-18i0d18.nwb
2020-10-08T14:32:45-0400 [WARNING ] backups2datalad.py Asset metadata does not include sha256 hash
2020-10-08T14:32:45-0400 [INFO    ] backups2datalad.py Asset in dataset, hash not available, and size is unchanged; will not update
2020-10-08T14:32:45-0400 [INFO    ] backups2datalad.py Syncing asset /sub-an064/sub-an064_ses-20150211_obj-1kfygix.nwb
2020-10-08T14:32:45-0400 [WARNING ] backups2datalad.py Asset metadata does not include sha256 hash
2020-10-08T14:32:46-0400 [INFO    ] backups2datalad.py Asset in dataset, hash not available, and size is unchanged; will not update
2020-10-08T14:32:46-0400 [INFO    ] backups2datalad.py Syncing asset /sub-an064/sub-an064_ses-20150211_obj-b3siem.nwb
2020-10-08T14:32:46-0400 [WARNING ] backups2datalad.py Asset metadata does not include sha256 hash
2020-10-08T14:32:46-0400 [INFO    ] backups2datalad.py Asset in dataset, hash not available, and size is unchanged; will not update
2020-10-08T14:32:46-0400 [INFO    ] backups2datalad.py Syncing asset /sub-an064/sub-an064_ses-20150211_obj-e6wfj1.nwb
2020-10-08T14:32:46-0400 [WARNING ] backups2datalad.py Asset metadata does not include sha256 hash
2020-10-08T14:32:46-0400 [INFO    ] backups2datalad.py Asset in dataset, hash not available, and size is unchanged; will not update
2020-10-08T14:32:46-0400 [INFO    ] backups2datalad.py Syncing asset /sub-an064/sub-an064_ses-20150214_obj-13brclo.nwb
2020-10-08T14:32:46-0400 [WARNING ] backups2datalad.py Asset metadata does not include sha256 hash
2020-10-08T14:32:47-0400 [INFO    ] backups2datalad.py Asset in dataset, hash not available, and size is unchanged; will not update
2020-10-08T14:32:47-0400 [INFO    ] backups2datalad.py Syncing asset /sub-an064/sub-an064_ses-20150214_obj-1uq8gph.nwb
2020-10-08T14:32:47-0400 [WARNING ] backups2datalad.py Asset metadata does not include sha256 hash
2020-10-08T14:32:47-0400 [INFO    ] backups2datalad.py Asset in dataset, hash not available, and size is unchanged; will not update
2020-10-08T14:32:47-0400 [INFO    ] backups2datalad.py Syncing asset /sub-an064/sub-an064_ses-20150214_obj-4lo4te.nwb
2020-10-08T14:32:47-0400 [WARNING ] backups2datalad.py Asset metadata does not include sha256 hash
2020-10-08T14:32:47-0400 [INFO    ] backups2datalad.py Asset in dataset, hash not available, and size is unchanged; will not update
2020-10-08T14:32:47-0400 [INFO    ] backups2datalad.py Syncing asset /sub-an064/sub-an064_ses-20150214_obj-73aw2e.nwb
2020-10-08T14:32:47-0400 [WARNING ] backups2datalad.py Asset metadata does not include sha256 hash
2020-10-08T14:32:48-0400 [INFO    ] backups2datalad.py Asset in dataset, hash not available, and size is unchanged; will not update
2020-10-08T14:32:48-0400 [INFO    ] backups2datalad.py Syncing asset /sub-an064/sub-an064_ses-20150214_obj-m0p9h2.nwb
2020-10-08T14:32:48-0400 [WARNING ] backups2datalad.py Asset metadata does not include sha256 hash
2020-10-08T14:32:48-0400 [INFO    ] backups2datalad.py Asset in dataset, hash not available, and size is unchanged; will not update
2020-10-08T14:32:48-0400 [INFO    ] backups2datalad.py Syncing asset /sub-an064/sub-an064_ses-20150214_obj-m80g1l.nwb
2020-10-08T14:32:48-0400 [WARNING ] backups2datalad.py Asset metadata does not include sha256 hash
2020-10-08T14:32:48-0400 [INFO    ] backups2datalad.py Asset in dataset, hash not available, and size is unchanged; will not update
2020-10-08T14:32:48-0400 [INFO    ] backups2datalad.py Syncing asset /sub-an064/sub-an064_ses-20150214_obj-sgph6u.nwb
2020-10-08T14:32:48-0400 [WARNING ] backups2datalad.py Asset metadata does not include sha256 hash
2020-10-08T14:32:48-0400 [INFO    ] backups2datalad.py Asset in dataset, hash not available, and size is unchanged; will not update
2020-10-08T14:32:48-0400 [INFO    ] backups2datalad.py Syncing asset /sub-an064/sub-an064_ses-20150214_obj-tkzaq9.nwb
2020-10-08T14:32:48-0400 [WARNING ] backups2datalad.py Asset metadata does not include sha256 hash
2020-10-08T14:32:49-0400 [INFO    ] backups2datalad.py Asset in dataset, hash not available, and size is unchanged; will not update
2020-10-08T14:32:49-0400 [INFO    ] backups2datalad.py Syncing asset /sub-an064/sub-an064_ses-20150215_obj-13n6cgr.nwb
2020-10-08T14:32:49-0400 [WARNING ] backups2datalad.py Asset metadata does not include sha256 hash
2020-10-08T14:32:49-0400 [INFO    ] backups2datalad.py Asset in dataset, hash not available, and size is unchanged; will not update
2020-10-08T14:32:49-0400 [INFO    ] backups2datalad.py Syncing asset /sub-an064/sub-an064_ses-20150215_obj-14nk5c6.nwb
2020-10-08T14:32:49-0400 [WARNING ] backups2datalad.py Asset metadata does not include sha256 hash
2020-10-08T14:32:49-0400 [INFO    ] backups2datalad.py Asset in dataset, hash not available, and size is unchanged; will not update
2020-10-08T14:32:49-0400 [INFO    ] backups2datalad.py Syncing asset /sub-an064/sub-an064_ses-20150215_obj-1hxj4v2.nwb
2020-10-08T14:32:49-0400 [WARNING ] backups2datalad.py Asset metadata does not include sha256 hash
2020-10-08T14:32:50-0400 [INFO    ] backups2datalad.py Asset in dataset, hash not available, and size is unchanged; will not update
2020-10-08T14:32:50-0400 [INFO    ] backups2datalad.py Syncing asset /sub-an064/sub-an064_ses-20150215_obj-1qo84eo.nwb
2020-10-08T14:32:50-0400 [WARNING ] backups2datalad.py Asset metadata does not include sha256 hash
2020-10-08T14:32:50-0400 [INFO    ] backups2datalad.py Asset in dataset, hash not available, and size is unchanged; will not update
2020-10-08T14:32:50-0400 [INFO    ] backups2datalad.py Syncing asset /sub-an064/sub-an064_ses-20150215_obj-1tihbq0.nwb
2020-10-08T14:32:50-0400 [WARNING ] backups2datalad.py Asset metadata does not include sha256 hash
2020-10-08T14:32:50-0400 [INFO    ] backups2datalad.py Asset in dataset, hash not available, and size is unchanged; will not update
2020-10-08T14:32:50-0400 [INFO    ] backups2datalad.py Syncing asset /sub-an064/sub-an064_ses-20150215_obj-1y6uoix.nwb
2020-10-08T14:32:50-0400 [WARNING ] backups2datalad.py Asset metadata does not include sha256 hash
2020-10-08T14:32:51-0400 [INFO    ] backups2datalad.py Asset in dataset, hash not available, and size is unchanged; will not update
2020-10-08T14:32:51-0400 [INFO    ] backups2datalad.py Syncing asset /sub-an064/sub-an064_ses-20150215_obj-2gb5dd.nwb
2020-10-08T14:32:51-0400 [WARNING ] backups2datalad.py Asset metadata does not include sha256 hash
2020-10-08T14:32:51-0400 [INFO    ] backups2datalad.py Asset in dataset, hash not available, and size is unchanged; will not update
2020-10-08T14:32:51-0400 [INFO    ] backups2datalad.py Syncing asset /sub-an064/sub-an064_ses-20150215_obj-3kkm1e.nwb
2020-10-08T14:32:51-0400 [WARNING ] backups2datalad.py Asset metadata does not include sha256 hash
2020-10-08T14:32:51-0400 [INFO    ] backups2datalad.py Asset in dataset, hash not available, and size is unchanged; will not update
2020-10-08T14:32:51-0400 [INFO    ] backups2datalad.py Syncing asset /sub-an064/sub-an064_ses-20150215_obj-ply14z.nwb
2020-10-08T14:32:51-0400 [WARNING ] backups2datalad.py Asset metadata does not include sha256 hash
2020-10-08T14:32:52-0400 [INFO    ] backups2datalad.py Asset in dataset, hash not available, and size is unchanged; will not update
2020-10-08T14:32:52-0400 [INFO    ] backups2datalad.py Syncing asset /sub-an064/sub-an064_ses-20150215_obj-xwwd89.nwb
2020-10-08T14:32:52-0400 [WARNING ] backups2datalad.py Asset metadata does not include sha256 hash
2020-10-08T14:32:52-0400 [INFO    ] backups2datalad.py Asset in dataset, hash not available, and size is unchanged; will not update
2020-10-08T14:32:52-0400 [INFO    ] backups2datalad.py Syncing asset /sub-an064/sub-an064_ses-20150217_obj-13djtqs.nwb
2020-10-08T14:32:52-0400 [WARNING ] backups2datalad.py Asset metadata does not include sha256 hash
2020-10-08T14:32:52-0400 [INFO    ] backups2datalad.py Asset in dataset, hash not available, and size is unchanged; will not update
2020-10-08T14:32:52-0400 [INFO    ] backups2datalad.py Syncing asset /sub-an064/sub-an064_ses-20150217_obj-1oad954.nwb
2020-10-08T14:32:52-0400 [WARNING ] backups2datalad.py Asset metadata does not include sha256 hash
2020-10-08T14:32:53-0400 [INFO    ] backups2datalad.py Asset in dataset, hash not available, and size is unchanged; will not update
2020-10-08T14:32:53-0400 [INFO    ] backups2datalad.py Syncing asset /sub-an064/sub-an064_ses-20150217_obj-3i7d54.nwb
2020-10-08T14:32:53-0400 [WARNING ] backups2datalad.py Asset metadata does not include sha256 hash
2020-10-08T14:32:53-0400 [INFO    ] backups2datalad.py Asset in dataset, hash not available, and size is unchanged; will not update
2020-10-08T14:32:53-0400 [INFO    ] backups2datalad.py Syncing asset /sub-an064/sub-an064_ses-20150217_obj-tjo18o.nwb
2020-10-08T14:32:53-0400 [WARNING ] backups2datalad.py Asset metadata does not include sha256 hash
2020-10-08T14:32:53-0400 [INFO    ] backups2datalad.py Asset in dataset, hash not available, and size is unchanged; will not update
2020-10-08T14:32:53-0400 [INFO    ] backups2datalad.py Syncing asset /sub-an064/sub-an064_ses-20150217_obj-uznjlg.nwb
2020-10-08T14:32:53-0400 [WARNING ] backups2datalad.py Asset metadata does not include sha256 hash
2020-10-08T14:32:53-0400 [INFO    ] backups2datalad.py Asset in dataset, hash not available, and size is unchanged; will not update
2020-10-08T14:32:53-0400 [INFO    ] backups2datalad.py Syncing asset /sub-an064/sub-an064_ses-20150217_obj-v260n7.nwb
2020-10-08T14:32:53-0400 [WARNING ] backups2datalad.py Asset metadata does not include sha256 hash
2020-10-08T14:32:54-0400 [INFO    ] backups2datalad.py Asset in dataset, hash not available, and size is unchanged; will not update
2020-10-08T14:32:54-0400 [INFO    ] backups2datalad.py Syncing asset /sub-an064/sub-an064_ses-20150219_obj-13qmtvu.nwb
2020-10-08T14:32:54-0400 [WARNING ] backups2datalad.py Asset metadata does not include sha256 hash
2020-10-08T14:32:54-0400 [INFO    ] backups2datalad.py Asset in dataset, hash not available, and size is unchanged; will not update
2020-10-08T14:32:54-0400 [INFO    ] backups2datalad.py Syncing asset /sub-an064/sub-an064_ses-20150219_obj-18v1u0u.nwb
2020-10-08T14:32:54-0400 [WARNING ] backups2datalad.py Asset metadata does not include sha256 hash
2020-10-08T14:32:54-0400 [INFO    ] backups2datalad.py Asset in dataset, hash not available, and size is unchanged; will not update
2020-10-08T14:32:54-0400 [INFO    ] backups2datalad.py Syncing asset /sub-an064/sub-an064_ses-20150219_obj-1bs8vhv.nwb
2020-10-08T14:32:54-0400 [WARNING ] backups2datalad.py Asset metadata does not include sha256 hash
2020-10-08T14:32:55-0400 [INFO    ] backups2datalad.py Asset in dataset, hash not available, and size is unchanged; will not update
2020-10-08T14:32:55-0400 [INFO    ] backups2datalad.py Syncing asset /sub-an064/sub-an064_ses-20150219_obj-hid9x0.nwb
2020-10-08T14:32:55-0400 [WARNING ] backups2datalad.py Asset metadata does not include sha256 hash
2020-10-08T14:32:55-0400 [INFO    ] backups2datalad.py Asset in dataset, hash not available, and size is unchanged; will not update
2020-10-08T14:32:55-0400 [INFO    ] backups2datalad.py Syncing asset /sub-an064/sub-an064_ses-20150219_obj-o0oo82.nwb
2020-10-08T14:32:55-0400 [WARNING ] backups2datalad.py Asset metadata does not include sha256 hash
2020-10-08T14:32:55-0400 [INFO    ] backups2datalad.py Asset in dataset, hash not available, and size is unchanged; will not update
2020-10-08T14:32:55-0400 [INFO    ] backups2datalad.py Syncing asset /sub-an064/sub-an064_ses-20150219_obj-zy8v7t.nwb
2020-10-08T14:32:55-0400 [WARNING ] backups2datalad.py Asset metadata does not include sha256 hash
2020-10-08T14:32:56-0400 [INFO    ] backups2datalad.py Asset in dataset, hash not available, and size is unchanged; will not update
2020-10-08T14:32:56-0400 [INFO    ] backups2datalad.py Syncing asset /sub-an066/sub-an066_ses-20150205_obj-1dwc8hk.nwb
2020-10-08T14:32:56-0400 [WARNING ] backups2datalad.py Asset metadata does not include sha256 hash
2020-10-08T14:32:56-0400 [INFO    ] backups2datalad.py Asset in dataset, hash not available, and size is unchanged; will not update
2020-10-08T14:32:56-0400 [INFO    ] backups2datalad.py Syncing asset /sub-an066/sub-an066_ses-20150205_obj-1oq8r0h.nwb
2020-10-08T14:32:56-0400 [WARNING ] backups2datalad.py Asset metadata does not include sha256 hash
2020-10-08T14:32:56-0400 [INFO    ] backups2datalad.py Asset in dataset, hash not available, and size is unchanged; will not update
2020-10-08T14:32:56-0400 [INFO    ] backups2datalad.py Syncing asset /sub-an066/sub-an066_ses-20150206_obj-10arvlt.nwb
2020-10-08T14:32:56-0400 [WARNING ] backups2datalad.py Asset metadata does not include sha256 hash
2020-10-08T14:32:56-0400 [INFO    ] backups2datalad.py Asset in dataset, hash not available, and size is unchanged; will not update
2020-10-08T14:32:56-0400 [INFO    ] backups2datalad.py Syncing asset /sub-an066/sub-an066_ses-20150206_obj-16dlnt9.nwb
2020-10-08T14:32:56-0400 [WARNING ] backups2datalad.py Asset metadata does not include sha256 hash
2020-10-08T14:32:57-0400 [INFO    ] backups2datalad.py Asset in dataset, hash not available, and size is unchanged; will not update
2020-10-08T14:32:57-0400 [INFO    ] backups2datalad.py Syncing asset /sub-an066/sub-an066_ses-20150206_obj-1aavzhx.nwb
2020-10-08T14:32:57-0400 [WARNING ] backups2datalad.py Asset metadata does not include sha256 hash
2020-10-08T14:32:57-0400 [INFO    ] backups2datalad.py Asset in dataset, hash not available, and size is unchanged; will not update
2020-10-08T14:32:57-0400 [INFO    ] backups2datalad.py Syncing asset /sub-an066/sub-an066_ses-20150206_obj-1mu1jmc.nwb
2020-10-08T14:32:57-0400 [WARNING ] backups2datalad.py Asset metadata does not include sha256 hash
2020-10-08T14:32:57-0400 [INFO    ] backups2datalad.py Asset in dataset, hash not available, and size is unchanged; will not update
2020-10-08T14:32:57-0400 [INFO    ] backups2datalad.py Syncing asset /sub-an066/sub-an066_ses-20150206_obj-1suwa9k.nwb
2020-10-08T14:32:57-0400 [WARNING ] backups2datalad.py Asset metadata does not include sha256 hash
2020-10-08T14:32:58-0400 [INFO    ] backups2datalad.py Asset in dataset, hash not available, and size is unchanged; will not update
2020-10-08T14:32:58-0400 [INFO    ] backups2datalad.py Syncing asset /sub-an066/sub-an066_ses-20150206_obj-52hco0.nwb
2020-10-08T14:32:58-0400 [WARNING ] backups2datalad.py Asset metadata does not include sha256 hash
2020-10-08T14:32:58-0400 [INFO    ] backups2datalad.py Asset in dataset, hash not available, and size is unchanged; will not update
2020-10-08T14:32:58-0400 [INFO    ] backups2datalad.py Syncing asset /sub-an066/sub-an066_ses-20150206_obj-d6420e.nwb
2020-10-08T14:32:58-0400 [WARNING ] backups2datalad.py Asset metadata does not include sha256 hash
2020-10-08T14:32:58-0400 [INFO    ] backups2datalad.py Asset in dataset, hash not available, and size is unchanged; will not update
2020-10-08T14:32:58-0400 [INFO    ] backups2datalad.py Syncing asset /sub-an066/sub-an066_ses-20150206_obj-m7h1bm.nwb
2020-10-08T14:32:58-0400 [WARNING ] backups2datalad.py Asset metadata does not include sha256 hash
2020-10-08T14:32:58-0400 [INFO    ] backups2datalad.py Asset in dataset, hash not available, and size is unchanged; will not update
2020-10-08T14:32:58-0400 [INFO    ] backups2datalad.py Syncing asset /sub-an066/sub-an066_ses-20150211_obj-1j0mnta.nwb
2020-10-08T14:32:58-0400 [WARNING ] backups2datalad.py Asset metadata does not include sha256 hash
2020-10-08T14:32:59-0400 [INFO    ] backups2datalad.py Asset in dataset, hash not available, and size is unchanged; will not update
2020-10-08T14:32:59-0400 [INFO    ] backups2datalad.py Syncing asset /sub-an066/sub-an066_ses-20150211_obj-1uyc237.nwb
2020-10-08T14:32:59-0400 [WARNING ] backups2datalad.py Asset metadata does not include sha256 hash
2020-10-08T14:32:59-0400 [INFO    ] backups2datalad.py Asset in dataset, hash not available, and size is unchanged; will not update
2020-10-08T14:32:59-0400 [INFO    ] backups2datalad.py Syncing asset /sub-an066/sub-an066_ses-20150211_obj-f0ajmr.nwb
2020-10-08T14:32:59-0400 [WARNING ] backups2datalad.py Asset metadata does not include sha256 hash
2020-10-08T14:32:59-0400 [INFO    ] backups2datalad.py Asset in dataset, hash not available, and size is unchanged; will not update
2020-10-08T14:32:59-0400 [INFO    ] backups2datalad.py Syncing asset /sub-an066/sub-an066_ses-20150211_obj-hssdpk.nwb
2020-10-08T14:32:59-0400 [WARNING ] backups2datalad.py Asset metadata does not include sha256 hash
2020-10-08T14:33:00-0400 [INFO    ] backups2datalad.py Asset in dataset, hash not available, and size is unchanged; will not update
2020-10-08T14:33:00-0400 [INFO    ] backups2datalad.py Commiting changes
